<?xml version="1.0" encoding="UTF-8"?>
<testsuite name="com.example.traodoimathangthoitrang.TraodoimathangthoitrangApplicationTests" tests="1" skipped="0" failures="0" errors="0" timestamp="2023-10-28T01:53:20" hostname="DESKTOP-4025V18" time="0.181">
  <properties/>
  <testcase name="contextLoads()" classname="com.example.traodoimathangthoitrang.TraodoimathangthoitrangApplicationTests" time="0.181"/>
  <system-out><![CDATA[08:53:14.257 [Test worker] DEBUG org.springframework.test.context.BootstrapUtils - Instantiating CacheAwareContextLoaderDelegate from class [org.springframework.test.context.cache.DefaultCacheAwareContextLoaderDelegate]
08:53:14.267 [Test worker] DEBUG org.springframework.test.context.BootstrapUtils - Instantiating BootstrapContext using constructor [public org.springframework.test.context.support.DefaultBootstrapContext(java.lang.Class,org.springframework.test.context.CacheAwareContextLoaderDelegate)]
08:53:14.298 [Test worker] DEBUG org.springframework.test.context.BootstrapUtils - Instantiating TestContextBootstrapper for test class [com.example.traodoimathangthoitrang.TraodoimathangthoitrangApplicationTests] from class [org.springframework.boot.test.context.SpringBootTestContextBootstrapper]
08:53:14.307 [Test worker] INFO org.springframework.boot.test.context.SpringBootTestContextBootstrapper - Neither @ContextConfiguration nor @ContextHierarchy found for test class [com.example.traodoimathangthoitrang.TraodoimathangthoitrangApplicationTests], using SpringBootContextLoader
08:53:14.310 [Test worker] DEBUG org.springframework.test.context.support.AbstractContextLoader - Did not detect default resource location for test class [com.example.traodoimathangthoitrang.TraodoimathangthoitrangApplicationTests]: class path resource [com/example/traodoimathangthoitrang/TraodoimathangthoitrangApplicationTests-context.xml] does not exist
08:53:14.310 [Test worker] DEBUG org.springframework.test.context.support.AbstractContextLoader - Did not detect default resource location for test class [com.example.traodoimathangthoitrang.TraodoimathangthoitrangApplicationTests]: class path resource [com/example/traodoimathangthoitrang/TraodoimathangthoitrangApplicationTestsContext.groovy] does not exist
08:53:14.311 [Test worker] INFO org.springframework.test.context.support.AbstractContextLoader - Could not detect default resource locations for test class [com.example.traodoimathangthoitrang.TraodoimathangthoitrangApplicationTests]: no resource found for suffixes {-context.xml, Context.groovy}.
08:53:14.311 [Test worker] INFO org.springframework.test.context.support.AnnotationConfigContextLoaderUtils - Could not detect default configuration classes for test class [com.example.traodoimathangthoitrang.TraodoimathangthoitrangApplicationTests]: TraodoimathangthoitrangApplicationTests does not declare any static, non-private, non-final, nested classes annotated with @Configuration.
08:53:14.351 [Test worker] DEBUG org.springframework.test.context.support.ActiveProfilesUtils - Could not find an 'annotation declaring class' for annotation type [org.springframework.test.context.ActiveProfiles] and class [com.example.traodoimathangthoitrang.TraodoimathangthoitrangApplicationTests]
08:53:14.400 [Test worker] DEBUG org.springframework.context.annotation.ClassPathScanningCandidateComponentProvider - Identified candidate component class: file [D:\DoAn\ExchangeFashion-BE\build\classes\java\main\com\example\traodoimathangthoitrang\TraodoimathangthoitrangApplication.class]
08:53:14.402 [Test worker] INFO org.springframework.boot.test.context.SpringBootTestContextBootstrapper - Found @SpringBootConfiguration com.example.traodoimathangthoitrang.TraodoimathangthoitrangApplication for test class com.example.traodoimathangthoitrang.TraodoimathangthoitrangApplicationTests
08:53:14.490 [Test worker] DEBUG org.springframework.boot.test.context.SpringBootTestContextBootstrapper - @TestExecutionListeners is not present for class [com.example.traodoimathangthoitrang.TraodoimathangthoitrangApplicationTests]: using defaults.
08:53:14.491 [Test worker] INFO org.springframework.boot.test.context.SpringBootTestContextBootstrapper - Loaded default TestExecutionListener class names from location [META-INF/spring.factories]: [org.springframework.security.test.context.support.WithSecurityContextTestExecutionListener, org.springframework.security.test.context.support.ReactorContextTestExecutionListener, org.springframework.boot.test.autoconfigure.restdocs.RestDocsTestExecutionListener, org.springframework.boot.test.autoconfigure.web.client.MockRestServiceServerResetTestExecutionListener, org.springframework.boot.test.autoconfigure.web.servlet.MockMvcPrintOnlyOnFailureTestExecutionListener, org.springframework.boot.test.autoconfigure.web.servlet.WebDriverTestExecutionListener, org.springframework.boot.test.autoconfigure.webservices.client.MockWebServiceServerTestExecutionListener, org.springframework.boot.test.mock.mockito.MockitoTestExecutionListener, org.springframework.boot.test.mock.mockito.ResetMocksTestExecutionListener, org.springframework.test.context.web.ServletTestExecutionListener, org.springframework.test.context.support.DirtiesContextBeforeModesTestExecutionListener, org.springframework.test.context.event.ApplicationEventsTestExecutionListener, org.springframework.test.context.support.DependencyInjectionTestExecutionListener, org.springframework.test.context.support.DirtiesContextTestExecutionListener, org.springframework.test.context.transaction.TransactionalTestExecutionListener, org.springframework.test.context.jdbc.SqlScriptsTestExecutionListener, org.springframework.test.context.event.EventPublishingTestExecutionListener]
08:53:14.508 [Test worker] INFO org.springframework.boot.test.context.SpringBootTestContextBootstrapper - Using TestExecutionListeners: [org.springframework.test.context.web.ServletTestExecutionListener@4204541c, org.springframework.test.context.support.DirtiesContextBeforeModesTestExecutionListener@6a62689d, org.springframework.test.context.event.ApplicationEventsTestExecutionListener@4602c2a9, org.springframework.boot.test.mock.mockito.MockitoTestExecutionListener@60fa3495, org.springframework.boot.test.autoconfigure.SpringBootDependencyInjectionTestExecutionListener@3e2822, org.springframework.test.context.support.DirtiesContextTestExecutionListener@79e18e38, org.springframework.test.context.transaction.TransactionalTestExecutionListener@29a60c27, org.springframework.test.context.jdbc.SqlScriptsTestExecutionListener@1849db1a, org.springframework.security.test.context.support.WithSecurityContextTestExecutionListener@69c79f09, org.springframework.test.context.event.EventPublishingTestExecutionListener@1ca25c47, org.springframework.security.test.context.support.ReactorContextTestExecutionListener@5fcacc0, org.springframework.boot.test.autoconfigure.restdocs.RestDocsTestExecutionListener@533b266e, org.springframework.boot.test.autoconfigure.web.client.MockRestServiceServerResetTestExecutionListener@6d1d4d7, org.springframework.boot.test.autoconfigure.web.servlet.MockMvcPrintOnlyOnFailureTestExecutionListener@89ff02e, org.springframework.boot.test.autoconfigure.web.servlet.WebDriverTestExecutionListener@6865c751, org.springframework.boot.test.autoconfigure.webservices.client.MockWebServiceServerTestExecutionListener@62679465, org.springframework.boot.test.mock.mockito.ResetMocksTestExecutionListener@6a988392]
08:53:14.512 [Test worker] DEBUG org.springframework.test.context.support.AbstractDirtiesContextTestExecutionListener - Before test class: context [DefaultTestContext@5fd62371 testClass = TraodoimathangthoitrangApplicationTests, testInstance = [null], testMethod = [null], testException = [null], mergedContextConfiguration = [WebMergedContextConfiguration@28a0fd6c testClass = TraodoimathangthoitrangApplicationTests, locations = '{}', classes = '{class com.example.traodoimathangthoitrang.TraodoimathangthoitrangApplication}', contextInitializerClasses = '[]', activeProfiles = '{}', propertySourceLocations = '{}', propertySourceProperties = '{org.springframework.boot.test.context.SpringBootTestContextBootstrapper=true}', contextCustomizers = set[org.springframework.boot.test.autoconfigure.actuate.metrics.MetricsExportContextCustomizerFactory$DisableMetricExportContextCustomizer@517d4a0d, org.springframework.boot.test.autoconfigure.properties.PropertyMappingContextCustomizer@0, org.springframework.boot.test.autoconfigure.web.servlet.WebDriverContextCustomizerFactory$Customizer@324a0017, org.springframework.boot.test.context.filter.ExcludeFilterContextCustomizer@487db668, org.springframework.boot.test.json.DuplicateJsonObjectContextCustomizerFactory$DuplicateJsonObjectContextCustomizer@22875539, org.springframework.boot.test.mock.mockito.MockitoContextCustomizer@0, org.springframework.boot.test.web.client.TestRestTemplateContextCustomizer@b1712f3, org.springframework.boot.test.context.SpringBootTestArgs@1, org.springframework.boot.test.context.SpringBootTestWebEnvironment@21e360a], resourceBasePath = 'src/main/webapp', contextLoader = 'org.springframework.boot.test.context.SpringBootContextLoader', parent = [null]], attributes = map['org.springframework.test.context.web.ServletTestExecutionListener.activateListener' -> true]], class annotated with @DirtiesContext [false] with mode [null].

  .   ____          _            __ _ _
 /\\ / ___'_ __ _ _(_)_ __  __ _ \ \ \ \
( ( )\___ | '_ | '_| | '_ \/ _` | \ \ \ \
 \\/  ___)| |_)| | | | | || (_| |  ) ) ) )
  '  |____| .__|_| |_|_| |_\__, | / / / /
 =========|_|==============|___/=/_/_/_/
 :: Spring Boot ::               (v2.7.17)

2023-10-28 08:53:14.817  INFO 53608 --- [    Test worker] .TraodoimathangthoitrangApplicationTests : Starting TraodoimathangthoitrangApplicationTests using Java 17.0.4.1 on DESKTOP-4025V18 with PID 53608 (started by HungNguyen in D:\DoAn\ExchangeFashion-BE)
2023-10-28 08:53:14.818  INFO 53608 --- [    Test worker] .TraodoimathangthoitrangApplicationTests : No active profile set, falling back to 1 default profile: "default"
2023-10-28 08:53:15.492  INFO 53608 --- [    Test worker] .s.d.r.c.RepositoryConfigurationDelegate : Bootstrapping Spring Data JPA repositories in DEFAULT mode.
2023-10-28 08:53:15.550  INFO 53608 --- [    Test worker] .s.d.r.c.RepositoryConfigurationDelegate : Finished Spring Data repository scanning in 49 ms. Found 1 JPA repository interfaces.
2023-10-28 08:53:15.890  INFO 53608 --- [    Test worker] trationDelegate$BeanPostProcessorChecker : Bean 'org.springframework.ws.config.annotation.DelegatingWsConfiguration' of type [org.springframework.ws.config.annotation.DelegatingWsConfiguration$$EnhancerBySpringCGLIB$$10029f41] is not eligible for getting processed by all BeanPostProcessors (for example: not eligible for auto-proxying)
2023-10-28 08:53:15.942  INFO 53608 --- [    Test worker] .w.s.a.s.AnnotationActionEndpointMapping : Supporting [WS-Addressing August 2004, WS-Addressing 1.0]
2023-10-28 08:53:16.136  INFO 53608 --- [    Test worker] com.zaxxer.hikari.HikariDataSource       : HikariPool-1 - Starting...
2023-10-28 08:53:16.468  INFO 53608 --- [    Test worker] com.zaxxer.hikari.HikariDataSource       : HikariPool-1 - Start completed.
2023-10-28 08:53:16.530  INFO 53608 --- [    Test worker] o.hibernate.jpa.internal.util.LogHelper  : HHH000204: Processing PersistenceUnitInfo [name: default]
2023-10-28 08:53:16.586  INFO 53608 --- [    Test worker] org.hibernate.Version                    : HHH000412: Hibernate ORM core version 5.6.15.Final
2023-10-28 08:53:16.801  INFO 53608 --- [    Test worker] o.hibernate.annotations.common.Version   : HCANN000001: Hibernate Commons Annotations {5.1.2.Final}
2023-10-28 08:53:16.916  INFO 53608 --- [    Test worker] org.hibernate.dialect.Dialect            : HHH000400: Using dialect: org.hibernate.dialect.MySQL5InnoDBDialect
2023-10-28 08:53:17.679 DEBUG 53608 --- [    Test worker] org.hibernate.SQL                        : 
    
    create table `rank` (
       id bigint not null auto_increment,
        name varchar(255),
        account_id bigint,
        primary key (id)
    ) engine=InnoDB
2023-10-28 08:53:17.735 DEBUG 53608 --- [    Test worker] org.hibernate.SQL                        : 
    
    create table account (
       id bigint not null auto_increment,
        avatar varchar(255),
        count_follow integer not null,
        email varchar(255),
        name varchar(255),
        password varchar(255),
        status varchar(255),
        username varchar(255),
        role_id bigint,
        primary key (id)
    ) engine=InnoDB
2023-10-28 08:53:17.789 DEBUG 53608 --- [    Test worker] org.hibernate.SQL                        : 
    
    create table appointment_schedule (
       id bigint not null auto_increment,
        address longtext,
        date date,
        exchange_id bigint,
        primary key (id)
    ) engine=InnoDB
2023-10-28 08:53:17.850 DEBUG 53608 --- [    Test worker] org.hibernate.SQL                        : 
    
    create table exchange (
       id bigint not null auto_increment,
        content varchar(255),
        date date,
        status varchar(255),
        post_buy_id bigint,
        post_sell_id bigint,
        primary key (id)
    ) engine=InnoDB
2023-10-28 08:53:17.885 DEBUG 53608 --- [    Test worker] org.hibernate.SQL                        : 
    
    create table image (
       id bigint not null auto_increment,
        image longtext,
        primary key (id)
    ) engine=InnoDB
2023-10-28 08:53:17.907 DEBUG 53608 --- [    Test worker] org.hibernate.SQL                        : 
    
    create table message (
       id bigint not null auto_increment,
        content longtext,
        date date,
        receiver_id bigint,
        sender_id bigint,
        primary key (id)
    ) engine=InnoDB
2023-10-28 08:53:17.937 DEBUG 53608 --- [    Test worker] org.hibernate.SQL                        : 
    
    create table notification (
       id bigint not null auto_increment,
        content longtext,
        date date,
        type longtext,
        receiver_id bigint,
        sender_id bigint,
        primary key (id)
    ) engine=InnoDB
2023-10-28 08:53:17.977 DEBUG 53608 --- [    Test worker] org.hibernate.SQL                        : 
    
    create table post (
       id bigint not null auto_increment,
        address varchar(255),
        category varchar(255),
        count_like integer not null,
        date date,
        `describe` varchar(255),
        `request` varchar(255),
        status varchar(255),
        `title` varchar(255),
        account_id bigint,
        primary key (id)
    ) engine=InnoDB
2023-10-28 08:53:18.003 DEBUG 53608 --- [    Test worker] org.hibernate.SQL                        : 
    
    create table post_image_list (
       post_id bigint not null,
        image_list_id bigint not null
    ) engine=InnoDB
2023-10-28 08:53:18.035 DEBUG 53608 --- [    Test worker] org.hibernate.SQL                        : 
    
    create table report (
       id bigint not null auto_increment,
        content longtext,
        account_id bigint,
        post_id bigint,
        primary key (id)
    ) engine=InnoDB
2023-10-28 08:53:18.065 DEBUG 53608 --- [    Test worker] org.hibernate.SQL                        : 
    
    create table role (
       id bigint not null auto_increment,
        name varchar(255),
        primary key (id)
    ) engine=InnoDB
2023-10-28 08:53:18.092 DEBUG 53608 --- [    Test worker] org.hibernate.SQL                        : 
    
    alter table account 
       drop index UK_q0uja26qgu1atulenwup9rxyr
2023-10-28 08:53:18.108 DEBUG 53608 --- [    Test worker] org.hibernate.SQL                        : 
    
    alter table account 
       add constraint UK_q0uja26qgu1atulenwup9rxyr unique (email)
2023-10-28 08:53:18.144 DEBUG 53608 --- [    Test worker] org.hibernate.SQL                        : 
    
    alter table account 
       drop index UK_gex1lmaqpg0ir5g1f5eftyaa1
2023-10-28 08:53:18.145 DEBUG 53608 --- [    Test worker] org.hibernate.SQL                        : 
    
    alter table account 
       add constraint UK_gex1lmaqpg0ir5g1f5eftyaa1 unique (username)
2023-10-28 08:53:18.166 DEBUG 53608 --- [    Test worker] org.hibernate.SQL                        : 
    
    alter table post_image_list 
       drop index UK_nkkvnde1qx93aank6m7pchggy
2023-10-28 08:53:18.168 DEBUG 53608 --- [    Test worker] org.hibernate.SQL                        : 
    
    alter table post_image_list 
       add constraint UK_nkkvnde1qx93aank6m7pchggy unique (image_list_id)
2023-10-28 08:53:18.220 DEBUG 53608 --- [    Test worker] org.hibernate.SQL                        : 
    
    alter table `rank` 
       add constraint FKs55geog09a3g8k8pvspn2k0kd 
       foreign key (account_id) 
       references account (id)
2023-10-28 08:53:18.296 DEBUG 53608 --- [    Test worker] org.hibernate.SQL                        : 
    
    alter table account 
       add constraint FKd4vb66o896tay3yy52oqxr9w0 
       foreign key (role_id) 
       references role (id)
2023-10-28 08:53:18.380 DEBUG 53608 --- [    Test worker] org.hibernate.SQL                        : 
    
    alter table appointment_schedule 
       add constraint FK1n5bl82ma05ylgnm1qlsuad4v 
       foreign key (exchange_id) 
       references exchange (id)
2023-10-28 08:53:18.457 DEBUG 53608 --- [    Test worker] org.hibernate.SQL                        : 
    
    alter table exchange 
       add constraint FKicai52oc3g40u90rjm751m0xn 
       foreign key (post_buy_id) 
       references post (id)
2023-10-28 08:53:18.534 DEBUG 53608 --- [    Test worker] org.hibernate.SQL                        : 
    
    alter table exchange 
       add constraint FKss3fa3rssi5u2umipv7w3dra8 
       foreign key (post_sell_id) 
       references post (id)
2023-10-28 08:53:18.609 DEBUG 53608 --- [    Test worker] org.hibernate.SQL                        : 
    
    alter table message 
       add constraint FKf83lxqfkews7lokca1xt465mw 
       foreign key (receiver_id) 
       references account (id)
2023-10-28 08:53:18.680 DEBUG 53608 --- [    Test worker] org.hibernate.SQL                        : 
    
    alter table message 
       add constraint FK5k0olkd82xhjehyhuy44pqi4c 
       foreign key (sender_id) 
       references account (id)
2023-10-28 08:53:18.763 DEBUG 53608 --- [    Test worker] org.hibernate.SQL                        : 
    
    alter table notification 
       add constraint FKcfvggnpv0ky0elvkbnhyslqic 
       foreign key (receiver_id) 
       references account (id)
2023-10-28 08:53:18.836 DEBUG 53608 --- [    Test worker] org.hibernate.SQL                        : 
    
    alter table notification 
       add constraint FKtnwqi152dhvkvlm7kc58pe63p 
       foreign key (sender_id) 
       references account (id)
2023-10-28 08:53:18.914 DEBUG 53608 --- [    Test worker] org.hibernate.SQL                        : 
    
    alter table post 
       add constraint FKe5hjewhnd6trrdgt8i6uapkhy 
       foreign key (account_id) 
       references account (id)
2023-10-28 08:53:18.988 DEBUG 53608 --- [    Test worker] org.hibernate.SQL                        : 
    
    alter table post_image_list 
       add constraint FKf88anxkgjllnno8apdrsc4xm9 
       foreign key (image_list_id) 
       references image (id)
2023-10-28 08:53:19.046 DEBUG 53608 --- [    Test worker] org.hibernate.SQL                        : 
    
    alter table post_image_list 
       add constraint FK5va1h0pl9uv57eflygdejfal1 
       foreign key (post_id) 
       references post (id)
2023-10-28 08:53:19.112 DEBUG 53608 --- [    Test worker] org.hibernate.SQL                        : 
    
    alter table report 
       add constraint FK437jjev4fj82pu6m07461qj0u 
       foreign key (account_id) 
       references account (id)
2023-10-28 08:53:19.176 DEBUG 53608 --- [    Test worker] org.hibernate.SQL                        : 
    
    alter table report 
       add constraint FKnuqod1y014fp5bmqjeoffcgqy 
       foreign key (post_id) 
       references post (id)
2023-10-28 08:53:19.247  INFO 53608 --- [    Test worker] o.h.e.t.j.p.i.JtaPlatformInitiator       : HHH000490: Using JtaPlatform implementation: [org.hibernate.engine.transaction.jta.platform.internal.NoJtaPlatform]
2023-10-28 08:53:19.255  INFO 53608 --- [    Test worker] j.LocalContainerEntityManagerFactoryBean : Initialized JPA EntityManagerFactory for persistence unit 'default'
2023-10-28 08:53:19.313  WARN 53608 --- [    Test worker] JpaBaseConfiguration$JpaWebConfiguration : spring.jpa.open-in-view is enabled by default. Therefore, database queries may be performed during view rendering. Explicitly configure spring.jpa.open-in-view to disable this warning
2023-10-28 08:53:20.020  INFO 53608 --- [    Test worker] o.s.s.web.DefaultSecurityFilterChain     : Will secure any request with [org.springframework.security.web.session.DisableEncodeUrlFilter@5ed88e31, org.springframework.security.web.context.request.async.WebAsyncManagerIntegrationFilter@574413bd, org.springframework.security.web.context.SecurityContextPersistenceFilter@5749e633, org.springframework.security.web.header.HeaderWriterFilter@52bcfd10, org.springframework.web.filter.CorsFilter@3ad9fea, org.springframework.security.web.authentication.logout.LogoutFilter@7e5e7753, com.example.traodoimathangthoitrang.config.filter.JwtAuthenticationFilter@c3114ea, org.springframework.security.web.savedrequest.RequestCacheAwareFilter@4d10f182, org.springframework.security.web.servletapi.SecurityContextHolderAwareRequestFilter@41c83af0, org.springframework.security.web.authentication.AnonymousAuthenticationFilter@556e4588, org.springframework.security.web.session.SessionManagementFilter@2e27325d, org.springframework.security.web.access.ExceptionTranslationFilter@530bd77b, org.springframework.security.web.access.intercept.FilterSecurityInterceptor@689ea211]
2023-10-28 08:53:20.880  INFO 53608 --- [    Test worker] .TraodoimathangthoitrangApplicationTests : Started TraodoimathangthoitrangApplicationTests in 6.33 seconds (JVM running for 7.376)
]]></system-out>
  <system-err><![CDATA[]]></system-err>
</testsuite>
